Arguments: 
  /home/chautelly/.nvm/versions/node/v14.7.0/bin/node /home/chautelly/.nvm/versions/node/v14.7.0/bin/yarn add https://github.com/gothinkster/vue-realworld-example-app.git

PATH: 
  /home/chautelly/.local/bin:/home/chautelly/.local/bin:/home/chautelly/.nvm/versions/node/v14.7.0/bin:/home/chautelly/.local/bin:/usr/local/sbin:/usr/local/bin:/usr/sbin:/usr/bin:/sbin:/bin:/usr/games:/usr/local/games:/snap/bin

Yarn version: 
  1.22.5

Node version: 
  14.7.0

Platform: 
  linux x64

Trace: 
  Error: https://registry.yarnpkg.com/xstate-marionettist-cypress: Not found
      at Request.params.callback [as _callback] (/home/chautelly/.nvm/versions/node/v14.7.0/lib/node_modules/yarn/lib/cli.js:66988:18)
      at Request.self.callback (/home/chautelly/.nvm/versions/node/v14.7.0/lib/node_modules/yarn/lib/cli.js:140662:22)
      at Request.emit (events.js:314:20)
      at Request.<anonymous> (/home/chautelly/.nvm/versions/node/v14.7.0/lib/node_modules/yarn/lib/cli.js:141634:10)
      at Request.emit (events.js:314:20)
      at IncomingMessage.<anonymous> (/home/chautelly/.nvm/versions/node/v14.7.0/lib/node_modules/yarn/lib/cli.js:141556:12)
      at Object.onceWrapper (events.js:420:28)
      at IncomingMessage.emit (events.js:326:22)
      at endReadableNT (_stream_readable.js:1244:12)
      at processTicksAndRejections (internal/process/task_queues.js:80:21)

npm manifest: 
  {
    "name": "xstate-marionettist-conduit",
    "version": "1.0.0",
    "description": "",
    "main": "index.js",
    "scripts": {
      "test": "concurrently \"yarn run e2e:puppeteer\" \"yarn run e2e:playwright\"",
      "test:ci": "CI=true yarn run test",
      "serve:puppeteer": "serve -s -p 7777 build",
      "serve:playwright": "serve -s -p 9999 build",
      "e2e:puppeteer": "cross-env DEBUG=e2e* jest --runInBand -c jest-config.puppeteer.js",
      "e2e:playwright": "cross-env DEBUG=e2e* jest --runInBand -c jest-config.playwright.js",
      "link:all": "yarn link xstate-marionettist && yarn link xstate-marionettist-cypress && yarn link xstate-marionettist-playwright && yarn link xstate-marionettist-puppeteer"
    },
    "keywords": [],
    "author": "",
    "license": "ISC",
    "dependencies": {
      "@xstate/test": "^0.4.1",
      "concurrently": "^5.3.0",
      "cross-env": "^7.0.2",
      "cypress": "^5.4.0",
      "jasmine-fail-fast": "^2.0.1",
      "jest": "^26.5.2",
      "jest-playwright-preset": "^1.3.1",
      "jest-puppeteer": "^4.4.0",
      "playwright": "^1.5.1",
      "puppeteer": "^5.3.1",
      "ts-jest": "^26.4.1",
      "typescript": "^4.0.3",
      "xstate": "^4.13.0",
      "xstate-marionettist": "0.7.0",
      "xstate-marionettist-cypress": "0.1.0",
      "xstate-marionettist-playwright": "0.1.0",
      "xstate-marionettist-puppeteer": "0.1.0z"
    }
  }

yarn manifest: 
  No manifest

Lockfile: 
  No lockfile
